2015-04-07 07:31:21 ERROR NcwmsDataset:220 - uk.ac.rdg.resc.edal.exceptions.EdalException loading metadata for dataset 10.5676::ESACCI::CLOUD::CCL4C::V001
uk.ac.rdg.resc.edal.exceptions.EdalException: The location /home/f-kratzenstein/Workspaces/DWD/CHARMe/packaging_tests/data/ESACCI/CLOUDS/CCL4C/L3S/2009*.nc doesn't refer to any existing files.
	at uk.ac.rdg.resc.edal.dataset.cdm.CdmGridDatasetFactory.openAndAggregateDataset(CdmGridDatasetFactory.java:396)
	at uk.ac.rdg.resc.edal.dataset.cdm.CdmGridDatasetFactory.createDataset(CdmGridDatasetFactory.java:90)
	at uk.ac.rdg.resc.edal.dataset.cdm.CdmGridDatasetFactory.createDataset(CdmGridDatasetFactory.java:78)
	at uk.ac.rdg.resc.edal.ncwms.config.NcwmsDataset.createDataset(NcwmsDataset.java:242)
	at uk.ac.rdg.resc.edal.ncwms.config.NcwmsDataset.refresh(NcwmsDataset.java:201)
	at uk.ac.rdg.resc.edal.ncwms.config.NcwmsConfig$1.run(NcwmsConfig.java:160)
	at java.util.concurrent.Executors$RunnableAdapter.call(Executors.java:471)
	at java.util.concurrent.FutureTask.runAndReset(FutureTask.java:304)
	at java.util.concurrent.ScheduledThreadPoolExecutor$ScheduledFutureTask.access$301(ScheduledThreadPoolExecutor.java:178)
	at java.util.concurrent.ScheduledThreadPoolExecutor$ScheduledFutureTask.run(ScheduledThreadPoolExecutor.java:293)
	at java.util.concurrent.ThreadPoolExecutor.runWorker(ThreadPoolExecutor.java:1145)
	at java.util.concurrent.ThreadPoolExecutor$Worker.run(ThreadPoolExecutor.java:615)
	at java.lang.Thread.run(Thread.java:745)
2015-04-07 12:44:53 ERROR NcwmsDataset:220 - uk.ac.rdg.resc.edal.exceptions.EdalException loading metadata for dataset 10.5676::ESACCI::CLOUD::CCL4C::V001
uk.ac.rdg.resc.edal.exceptions.EdalException: The location /home/f-kratzenstein/Workspaces/DWD/CHARMe/packaging_tests/data/ESACCI/CLOUDS/CCL4C/L3S/2009*.nc doesn't refer to any existing files.
	at uk.ac.rdg.resc.edal.dataset.cdm.CdmGridDatasetFactory.openAndAggregateDataset(CdmGridDatasetFactory.java:396)
	at uk.ac.rdg.resc.edal.dataset.cdm.CdmGridDatasetFactory.createDataset(CdmGridDatasetFactory.java:90)
	at uk.ac.rdg.resc.edal.dataset.cdm.CdmGridDatasetFactory.createDataset(CdmGridDatasetFactory.java:78)
	at uk.ac.rdg.resc.edal.ncwms.config.NcwmsDataset.createDataset(NcwmsDataset.java:242)
	at uk.ac.rdg.resc.edal.ncwms.config.NcwmsDataset.refresh(NcwmsDataset.java:201)
	at uk.ac.rdg.resc.edal.ncwms.config.NcwmsConfig$1.run(NcwmsConfig.java:160)
	at java.util.concurrent.Executors$RunnableAdapter.call(Executors.java:471)
	at java.util.concurrent.FutureTask.runAndReset(FutureTask.java:304)
	at java.util.concurrent.ScheduledThreadPoolExecutor$ScheduledFutureTask.access$301(ScheduledThreadPoolExecutor.java:178)
	at java.util.concurrent.ScheduledThreadPoolExecutor$ScheduledFutureTask.run(ScheduledThreadPoolExecutor.java:293)
	at java.util.concurrent.ThreadPoolExecutor.runWorker(ThreadPoolExecutor.java:1145)
	at java.util.concurrent.ThreadPoolExecutor$Worker.run(ThreadPoolExecutor.java:615)
	at java.lang.Thread.run(Thread.java:745)
